2020-12-07 23:24:22.365 | INFO     | __main__:<module>:133 - 
    mean_fit_time  std_fit_time  mean_score_time  std_score_time param_SVM__C param_SVM__gamma param_SVM__kernel                                                        params  split0_test_score  mean_test_score  std_test_score  rank_test_score
0   402.178020     0.0           33.750390        0.0             0.1          0.5              linear            {'SVM__C': 0.1, 'SVM__gamma': 0.5, 'SVM__kernel': 'linear'}   0.3147             0.3147           0.0             8              
1   1580.668027    0.0           34.769896        0.0             0.1          0.5              poly              {'SVM__C': 0.1, 'SVM__gamma': 0.5, 'SVM__kernel': 'poly'}     0.3487             0.3487           0.0             6              
2   592.718396     0.0           49.554892        0.0             0.1          0.5              rbf               {'SVM__C': 0.1, 'SVM__gamma': 0.5, 'SVM__kernel': 'rbf'}      0.0952             0.0952           0.0             18             
3   425.664151     0.0           35.892992        0.0             0.1          0.1              linear            {'SVM__C': 0.1, 'SVM__gamma': 0.1, 'SVM__kernel': 'linear'}   0.3147             0.3147           0.0             8              
4   658.046490     0.0           33.240721        0.0             0.1          0.1              poly              {'SVM__C': 0.1, 'SVM__gamma': 0.1, 'SVM__kernel': 'poly'}     0.3695             0.3695           0.0             3              
5   491.744940     0.0           46.290129        0.0             0.1          0.1              rbf               {'SVM__C': 0.1, 'SVM__gamma': 0.1, 'SVM__kernel': 'rbf'}      0.2670             0.2670           0.0             15             
6   427.700591     0.0           36.368039        0.0             0.1          0.01             linear            {'SVM__C': 0.1, 'SVM__gamma': 0.01, 'SVM__kernel': 'linear'}  0.3147             0.3147           0.0             8              
7   470.582178     0.0           39.850882        0.0             0.1          0.01             poly              {'SVM__C': 0.1, 'SVM__gamma': 0.01, 'SVM__kernel': 'poly'}    0.2616             0.2616           0.0             16             
8   441.328253     0.0           51.612829        0.0             0.1          0.01             rbf               {'SVM__C': 0.1, 'SVM__gamma': 0.01, 'SVM__kernel': 'rbf'}     0.3656             0.3656           0.0             4              
9   599.082006     0.0           36.614615        0.0             0.5          0.5              linear            {'SVM__C': 0.5, 'SVM__gamma': 0.5, 'SVM__kernel': 'linear'}   0.3132             0.3132           0.0             11             
10  1599.177026    0.0           34.547410        0.0             0.5          0.5              poly              {'SVM__C': 0.5, 'SVM__gamma': 0.5, 'SVM__kernel': 'poly'}     0.3416             0.3416           0.0             7              
11  672.482854     0.0           48.907319        0.0             0.5          0.5              rbf               {'SVM__C': 0.5, 'SVM__gamma': 0.5, 'SVM__kernel': 'rbf'}      0.1188             0.1188           0.0             17             
12  593.244627     0.0           34.166561        0.0             0.5          0.1              linear            {'SVM__C': 0.5, 'SVM__gamma': 0.1, 'SVM__kernel': 'linear'}   0.3132             0.3132           0.0             11             
13  1118.572409    0.0           34.889850        0.0             0.5          0.1              poly              {'SVM__C': 0.5, 'SVM__gamma': 0.1, 'SVM__kernel': 'poly'}     0.3633             0.3633           0.0             5              
14  495.182927     0.0           48.846065        0.0             0.5          0.1              rbf               {'SVM__C': 0.5, 'SVM__gamma': 0.1, 'SVM__kernel': 'rbf'}      0.3874             0.3874           0.0             2              
15  604.424887     0.0           40.959292        0.0             0.5          0.01             linear            {'SVM__C': 0.5, 'SVM__gamma': 0.01, 'SVM__kernel': 'linear'}  0.3132             0.3132           0.0             11             
16  464.881848     0.0           38.586369        0.0             0.5          0.01             poly              {'SVM__C': 0.5, 'SVM__gamma': 0.01, 'SVM__kernel': 'poly'}    0.3045             0.3045           0.0             14             
17  353.227477     0.0           45.127176        0.0             0.5          0.01             rbf               {'SVM__C': 0.5, 'SVM__gamma': 0.01, 'SVM__kernel': 'rbf'}     0.4047             0.4047           0.0             1              
2020-12-07 23:24:22.365 | INFO     | __main__:<module>:134 - 
2020-12-07 23:24:22.366 | INFO     | __main__:<module>:135 - 
Best parameters: {'SVM__C': 0.5, 'SVM__gamma': 0.01, 'SVM__kernel': 'rbf'}
2020-12-08 20:29:07.732 | INFO     | __main__:<module>:57 - 
   mean_fit_time  std_fit_time  mean_score_time  std_score_time param_SVM__C param_SVM__degree param_SVM__gamma param_SVM__kernel                                                                        params  split0_test_score  mean_test_score  std_test_score  rank_test_score
0  569.468232     0.0           44.259538        0.0             0.5          5                 0.01             poly              {'SVM__C': 0.5, 'SVM__degree': 5, 'SVM__gamma': 0.01, 'SVM__kernel': 'poly'}  0.1898             0.1898           0.0             1              
2020-12-08 20:29:07.733 | INFO     | __main__:<module>:58 - 
2020-12-08 20:29:07.734 | INFO     | __main__:<module>:59 - 
Best parameters: {'SVM__C': 0.5, 'SVM__degree': 5, 'SVM__gamma': 0.01, 'SVM__kernel': 'poly'}
